2020-11-13 18:56:10.099 - INFO - 6239 - azureml.train.automl._azureautomlclient.modify_run_configuration:199 - Package azureml-train-automl missing from dependencies file.
2020-11-13 18:56:10.101 - INFO - 6239 - azureml.train.automl._azureautomlclient.modify_run_configuration:205 - Using pinned version: azureml-train-automl==1.18.0.*
2020-11-13 18:56:10.103 - INFO - 6239 - azureml.train.automl._azureautomlclient.modify_run_configuration:199 - Package pandas missing from dependencies file.
2020-11-13 18:56:10.103 - INFO - 6239 - azureml.train.automl._azureautomlclient.modify_run_configuration:205 - Using pinned version: pandas==0.25.1
2020-11-13 18:56:10.105 - INFO - 6239 - azureml.train.automl._azureautomlclient.modify_run_configuration:199 - Package psutil missing from dependencies file.
2020-11-13 18:56:10.112 - INFO - 6239 - azureml.train.automl._azureautomlclient.modify_run_configuration:205 - Using pinned version: psutil>5.0.0,<6.0.0
2020-11-13 18:56:10.113 - INFO - 6239 - azureml.train.automl._azureautomlclient.modify_run_configuration:199 - Package scikit-learn missing from dependencies file.
2020-11-13 18:56:10.115 - INFO - 6239 - azureml.train.automl._azureautomlclient.modify_run_configuration:205 - Using pinned version: scikit-learn==0.22.1
2020-11-13 18:56:10.115 - INFO - 6239 - azureml.train.automl._azureautomlclient.modify_run_configuration:199 - Package numpy missing from dependencies file.
2020-11-13 18:56:10.115 - INFO - 6239 - azureml.train.automl._azureautomlclient.modify_run_configuration:205 - Using pinned version: numpy~=1.18.0
2020-11-13 18:56:10.116 - INFO - 6239 - azureml.train.automl._azureautomlclient.modify_run_configuration:199 - Package py-xgboost missing from dependencies file.
2020-11-13 18:56:10.116 - INFO - 6239 - azureml.train.automl._azureautomlclient.modify_run_configuration:205 - Using pinned version: py-xgboost<=0.90
2020-11-13 18:56:10.117 - INFO - 6239 - azureml.train.automl._azureautomlclient.modify_run_configuration:199 - Package inference-schema missing from dependencies file.
2020-11-13 18:56:10.117 - INFO - 6239 - azureml.train.automl._azureautomlclient.modify_run_configuration:199 - Package fbprophet missing from dependencies file.
2020-11-13 18:56:10.117 - INFO - 6239 - azureml.train.automl._azureautomlclient.modify_run_configuration:205 - Using pinned version: fbprophet==0.5
2020-11-13 18:56:10.118 - INFO - 6239 - azureml.train.automl._azureautomlclient.modify_run_configuration:199 - Package setuptools-git missing from dependencies file.
2020-11-13 18:56:10.118 - INFO - 6239 - azureml.train.automl._azureautomlclient.modify_run_configuration:209 - Using installed version: setuptools-git==1.2
2020-11-13 18:56:10.130 - INFO - 6239 - azureml.automl.core.dataset_utilities._save_datasets_to_json:148 - JSON serialization of input of type <class 'NoneType'> is un-supported.
2020-11-13 18:56:10.132 - INFO - 6239 - azureml.train.automl._azureautomlclient._validate_input:625 - Start data validation.
2020-11-13 18:56:10.158 - CRITICAL - 6239 - azureml.train.automl._azureautomlclient.log_traceback:222 - Type: Unclassified
Class: ValueError
Message: experiment_id should not be None.
Traceback:
  File "_azureautomlclient.py", line 632, in _validate_input
    validation_results = self._jasmine_client.post_validate_service(parent_run_dto)
  File "jasmine_client.py", line 59, in post_validate_service
    self._client.jasmine.validate_run_input, create_parent_run_dto)
  File "experiment_client.py", line 261, in _execute_with_experimentid_arguments
    raise ValueError("experiment_id should not be None.")

ExceptionTarget: Unspecified
2020-11-13 18:56:10.158 - WARNING - 6239 - azureml.train.automl._azureautomlclient._validate_input:640 - Validation service meet exceptions, continue training now.
2020-11-13 21:42:57.296 - INFO - 6239 - azureml.train.automl._azureautomlclient.modify_run_configuration:199 - Package azureml-train-automl missing from dependencies file.
2020-11-13 21:42:57.296 - INFO - 6239 - azureml.train.automl._azureautomlclient.modify_run_configuration:205 - Using pinned version: azureml-train-automl==1.18.0.*
2020-11-13 21:42:57.297 - INFO - 6239 - azureml.train.automl._azureautomlclient.modify_run_configuration:199 - Package pandas missing from dependencies file.
2020-11-13 21:42:57.297 - INFO - 6239 - azureml.train.automl._azureautomlclient.modify_run_configuration:205 - Using pinned version: pandas==0.25.1
2020-11-13 21:42:57.297 - INFO - 6239 - azureml.train.automl._azureautomlclient.modify_run_configuration:199 - Package psutil missing from dependencies file.
2020-11-13 21:42:57.297 - INFO - 6239 - azureml.train.automl._azureautomlclient.modify_run_configuration:205 - Using pinned version: psutil>5.0.0,<6.0.0
2020-11-13 21:42:57.297 - INFO - 6239 - azureml.train.automl._azureautomlclient.modify_run_configuration:199 - Package scikit-learn missing from dependencies file.
2020-11-13 21:42:57.297 - INFO - 6239 - azureml.train.automl._azureautomlclient.modify_run_configuration:205 - Using pinned version: scikit-learn==0.22.1
2020-11-13 21:42:57.297 - INFO - 6239 - azureml.train.automl._azureautomlclient.modify_run_configuration:199 - Package numpy missing from dependencies file.
2020-11-13 21:42:57.298 - INFO - 6239 - azureml.train.automl._azureautomlclient.modify_run_configuration:205 - Using pinned version: numpy~=1.18.0
2020-11-13 21:42:57.298 - INFO - 6239 - azureml.train.automl._azureautomlclient.modify_run_configuration:199 - Package py-xgboost missing from dependencies file.
2020-11-13 21:42:57.298 - INFO - 6239 - azureml.train.automl._azureautomlclient.modify_run_configuration:205 - Using pinned version: py-xgboost<=0.90
2020-11-13 21:42:57.306 - INFO - 6239 - azureml.train.automl._azureautomlclient.modify_run_configuration:199 - Package inference-schema missing from dependencies file.
2020-11-13 21:42:57.307 - INFO - 6239 - azureml.train.automl._azureautomlclient.modify_run_configuration:199 - Package fbprophet missing from dependencies file.
2020-11-13 21:42:57.307 - INFO - 6239 - azureml.train.automl._azureautomlclient.modify_run_configuration:205 - Using pinned version: fbprophet==0.5
2020-11-13 21:42:57.307 - INFO - 6239 - azureml.train.automl._azureautomlclient.modify_run_configuration:199 - Package setuptools-git missing from dependencies file.
2020-11-13 21:42:57.307 - INFO - 6239 - azureml.train.automl._azureautomlclient.modify_run_configuration:209 - Using installed version: setuptools-git==1.2
2020-11-13 21:42:57.311 - INFO - 6239 - azureml.train.automl._azureautomlclient._validate_input:625 - Start data validation.
2020-11-13 21:42:57.320 - CRITICAL - 6239 - azureml.train.automl._azureautomlclient.log_traceback:222 - Type: Unclassified
Class: ValueError
Message: experiment_id should not be None.
Traceback:
  File "_azureautomlclient.py", line 632, in _validate_input
    validation_results = self._jasmine_client.post_validate_service(parent_run_dto)
  File "jasmine_client.py", line 59, in post_validate_service
    self._client.jasmine.validate_run_input, create_parent_run_dto)
  File "experiment_client.py", line 261, in _execute_with_experimentid_arguments
    raise ValueError("experiment_id should not be None.")

ExceptionTarget: Unspecified
2020-11-13 21:42:57.320 - WARNING - 6239 - azureml.train.automl._azureautomlclient._validate_input:640 - Validation service meet exceptions, continue training now.
2020-11-13 21:59:29.322 - INFO - 32546 - azureml.train.automl._azureautomlclient.modify_run_configuration:199 - Package azureml-train-automl missing from dependencies file.
2020-11-13 21:59:29.324 - INFO - 32546 - azureml.train.automl._azureautomlclient.modify_run_configuration:205 - Using pinned version: azureml-train-automl==1.18.0.*
2020-11-13 21:59:29.325 - INFO - 32546 - azureml.train.automl._azureautomlclient.modify_run_configuration:199 - Package pandas missing from dependencies file.
2020-11-13 21:59:29.325 - INFO - 32546 - azureml.train.automl._azureautomlclient.modify_run_configuration:205 - Using pinned version: pandas==0.25.1
2020-11-13 21:59:29.325 - INFO - 32546 - azureml.train.automl._azureautomlclient.modify_run_configuration:199 - Package psutil missing from dependencies file.
2020-11-13 21:59:29.325 - INFO - 32546 - azureml.train.automl._azureautomlclient.modify_run_configuration:205 - Using pinned version: psutil>5.0.0,<6.0.0
2020-11-13 21:59:29.325 - INFO - 32546 - azureml.train.automl._azureautomlclient.modify_run_configuration:199 - Package scikit-learn missing from dependencies file.
2020-11-13 21:59:29.326 - INFO - 32546 - azureml.train.automl._azureautomlclient.modify_run_configuration:205 - Using pinned version: scikit-learn==0.22.1
2020-11-13 21:59:29.326 - INFO - 32546 - azureml.train.automl._azureautomlclient.modify_run_configuration:199 - Package numpy missing from dependencies file.
2020-11-13 21:59:29.327 - INFO - 32546 - azureml.train.automl._azureautomlclient.modify_run_configuration:205 - Using pinned version: numpy~=1.18.0
2020-11-13 21:59:29.327 - INFO - 32546 - azureml.train.automl._azureautomlclient.modify_run_configuration:199 - Package py-xgboost missing from dependencies file.
2020-11-13 21:59:29.327 - INFO - 32546 - azureml.train.automl._azureautomlclient.modify_run_configuration:205 - Using pinned version: py-xgboost<=0.90
2020-11-13 21:59:29.328 - INFO - 32546 - azureml.train.automl._azureautomlclient.modify_run_configuration:199 - Package inference-schema missing from dependencies file.
2020-11-13 21:59:29.328 - INFO - 32546 - azureml.train.automl._azureautomlclient.modify_run_configuration:199 - Package fbprophet missing from dependencies file.
2020-11-13 21:59:29.328 - INFO - 32546 - azureml.train.automl._azureautomlclient.modify_run_configuration:205 - Using pinned version: fbprophet==0.5
2020-11-13 21:59:29.329 - INFO - 32546 - azureml.train.automl._azureautomlclient.modify_run_configuration:199 - Package setuptools-git missing from dependencies file.
2020-11-13 21:59:29.329 - INFO - 32546 - azureml.train.automl._azureautomlclient.modify_run_configuration:209 - Using installed version: setuptools-git==1.2
2020-11-13 21:59:29.331 - INFO - 32546 - azureml.train.automl._azureautomlclient._validate_input:625 - Start data validation.
2020-11-13 21:59:29.340 - CRITICAL - 32546 - azureml.train.automl._azureautomlclient.log_traceback:222 - Type: Unclassified
Class: ValueError
Message: experiment_id should not be None.
Traceback:
  File "_azureautomlclient.py", line 632, in _validate_input
    validation_results = self._jasmine_client.post_validate_service(parent_run_dto)
  File "jasmine_client.py", line 59, in post_validate_service
    self._client.jasmine.validate_run_input, create_parent_run_dto)
  File "experiment_client.py", line 261, in _execute_with_experimentid_arguments
    raise ValueError("experiment_id should not be None.")

ExceptionTarget: Unspecified
2020-11-13 21:59:29.340 - WARNING - 32546 - azureml.train.automl._azureautomlclient._validate_input:640 - Validation service meet exceptions, continue training now.
