2020-11-14 18:15:33.367 - INFO - 5701 - azureml.train.automl.run._log_activity:54 - ActivityStarted: GetOutput
2020-11-14 18:15:33.373 - INFO - 5701 - azureml.train.automl.run._log_activity:54 - ActivityStarted: GetOutput
2020-11-14 18:15:33.394 - INFO - 5701 - azureml.train.automl.run._log_activity:54 - ActivityStarted: GetChildren
2020-11-14 18:15:34.029 - INFO - 5701 - azureml.train.automl.run._log_activity:92 - ActivityCompleted: Activity=GetChildren, HowEnded=Success, Duration=634.58[ms]
2020-11-14 18:15:34.029 - INFO - 5701 - azureml.train.automl.run._log_activity:92 - ActivityCompleted: Activity=GetOutput, HowEnded=Success, Duration=656.61[ms]
2020-11-14 18:15:34.030 - INFO - 5701 - azureml.train.automl.run._log_activity:54 - ActivityStarted: DownloadModel
2020-11-14 18:15:47.665 - INFO - 5701 - azureml.automl.runtime.featurization.data_transformer._logger_wrapper:81 - Feature sweeping enabled: False
2020-11-14 18:15:47.665 - INFO - 5701 - azureml.automl.runtime.featurization.data_transformer._logger_wrapper:81 - Feature sweeping timeout: 86400
2020-11-14 18:15:47.919 - INFO - 5701 - azureml.train.automl.run._log_activity:92 - ActivityCompleted: Activity=DownloadModel, HowEnded=Success, Duration=13888.81[ms]
2020-11-14 18:15:47.921 - INFO - 5701 - azureml.train.automl.run._log_activity:92 - ActivityCompleted: Activity=GetOutput, HowEnded=Success, Duration=14554.71[ms]
2020-11-14 19:06:52.865 - INFO - 5701 - azureml.automl.runtime.featurization.data_transformer._logger_wrapper:81 - Starting to apply transforms. Total ram: 29504061440 bytes
2020-11-14 19:06:52.866 - INFO - 5701 - azureml.automl.runtime.featurization.data_transformer._logger_wrapper:81 - Transform memory estimate: 0 bytes, Current available memory: 24666976256 bytes
2020-11-14 19:06:52.867 - INFO - 5701 - azureml.automl.runtime.featurization.data_transformer._logger_wrapper:81 - SimpleImputer: Applying transform.
2020-11-14 19:06:52.880 - INFO - 5701 - azureml.automl.runtime.featurization.data_transformer._logger_wrapper:81 - SimpleImputer: Finished applying transform. Shape (13729, 1)
2020-11-14 19:06:52.881 - INFO - 5701 - azureml.automl.runtime.featurization.data_transformer._logger_wrapper:81 - Transform memory estimate: 0 bytes, Current available memory: 24665706496 bytes
2020-11-14 19:06:52.881 - INFO - 5701 - azureml.automl.runtime.featurization.data_transformer._logger_wrapper:81 - SimpleImputer: Applying transform.
2020-11-14 19:06:52.884 - INFO - 5701 - azureml.automl.runtime.featurization.data_transformer._logger_wrapper:81 - SimpleImputer: Finished applying transform. Shape (13729, 1)
2020-11-14 19:06:52.884 - INFO - 5701 - azureml.automl.runtime.featurization.data_transformer._logger_wrapper:81 - Transform memory estimate: 0 bytes, Current available memory: 24665706496 bytes
2020-11-14 19:06:52.885 - INFO - 5701 - azureml.automl.runtime.featurization.data_transformer._logger_wrapper:81 - SimpleImputer: Applying transform.
2020-11-14 19:06:52.887 - INFO - 5701 - azureml.automl.runtime.featurization.data_transformer._logger_wrapper:81 - SimpleImputer: Finished applying transform. Shape (13729, 1)
2020-11-14 19:06:52.887 - INFO - 5701 - azureml.automl.runtime.featurization.data_transformer._logger_wrapper:81 - Transform memory estimate: 0 bytes, Current available memory: 24665706496 bytes
2020-11-14 19:06:52.887 - INFO - 5701 - azureml.automl.runtime.featurization.data_transformer._logger_wrapper:81 - SimpleImputer: Applying transform.
2020-11-14 19:06:52.889 - INFO - 5701 - azureml.automl.runtime.featurization.data_transformer._logger_wrapper:81 - SimpleImputer: Finished applying transform. Shape (13729, 1)
2020-11-14 19:06:52.890 - INFO - 5701 - azureml.automl.runtime.featurization.data_transformer._logger_wrapper:81 - Transform memory estimate: 0 bytes, Current available memory: 24665706496 bytes
2020-11-14 19:06:52.890 - INFO - 5701 - azureml.automl.runtime.featurization.data_transformer._logger_wrapper:81 - SimpleImputer: Applying transform.
2020-11-14 19:06:52.893 - INFO - 5701 - azureml.automl.runtime.featurization.data_transformer._logger_wrapper:81 - SimpleImputer: Finished applying transform. Shape (13729, 1)
2020-11-14 19:06:52.893 - INFO - 5701 - azureml.automl.runtime.featurization.data_transformer._logger_wrapper:81 - Transform memory estimate: 0 bytes, Current available memory: 24665706496 bytes
2020-11-14 19:06:52.893 - INFO - 5701 - azureml.automl.runtime.featurization.data_transformer._logger_wrapper:81 - SimpleImputer: Applying transform.
2020-11-14 19:06:52.896 - INFO - 5701 - azureml.automl.runtime.featurization.data_transformer._logger_wrapper:81 - SimpleImputer: Finished applying transform. Shape (13729, 1)
2020-11-14 19:06:52.896 - INFO - 5701 - azureml.automl.runtime.featurization.data_transformer._logger_wrapper:81 - Transform memory estimate: 0 bytes, Current available memory: 24665706496 bytes
2020-11-14 19:06:52.896 - INFO - 5701 - azureml.automl.runtime.featurization.data_transformer._logger_wrapper:81 - SimpleImputer: Applying transform.
2020-11-14 19:06:52.899 - INFO - 5701 - azureml.automl.runtime.featurization.data_transformer._logger_wrapper:81 - SimpleImputer: Finished applying transform. Shape (13729, 1)
2020-11-14 19:06:52.899 - INFO - 5701 - azureml.automl.runtime.featurization.data_transformer._logger_wrapper:81 - Transform memory estimate: 0 bytes, Current available memory: 24665706496 bytes
2020-11-14 19:06:52.899 - INFO - 5701 - azureml.automl.runtime.featurization.data_transformer._logger_wrapper:81 - SimpleImputer: Applying transform.
2020-11-14 19:06:52.902 - INFO - 5701 - azureml.automl.runtime.featurization.data_transformer._logger_wrapper:81 - SimpleImputer: Finished applying transform. Shape (13729, 1)
2020-11-14 19:06:52.902 - INFO - 5701 - azureml.automl.runtime.featurization.data_transformer._logger_wrapper:81 - Transform memory estimate: 0 bytes, Current available memory: 24665706496 bytes
2020-11-14 19:06:52.902 - INFO - 5701 - azureml.automl.runtime.featurization.data_transformer._logger_wrapper:81 - SimpleImputer: Applying transform.
2020-11-14 19:06:52.904 - INFO - 5701 - azureml.automl.runtime.featurization.data_transformer._logger_wrapper:81 - SimpleImputer: Finished applying transform. Shape (13729, 1)
2020-11-14 19:06:52.905 - INFO - 5701 - azureml.automl.runtime.featurization.data_transformer._logger_wrapper:81 - Transform memory estimate: 0 bytes, Current available memory: 24665706496 bytes
2020-11-14 19:06:52.905 - INFO - 5701 - azureml.automl.runtime.featurization.data_transformer._logger_wrapper:81 - SimpleImputer: Applying transform.
2020-11-14 19:06:52.907 - INFO - 5701 - azureml.automl.runtime.featurization.data_transformer._logger_wrapper:81 - SimpleImputer: Finished applying transform. Shape (13729, 1)
2020-11-14 19:06:52.908 - INFO - 5701 - azureml.automl.runtime.featurization.data_transformer._logger_wrapper:81 - Transform memory estimate: 0 bytes, Current available memory: 24665706496 bytes
2020-11-14 19:06:52.908 - INFO - 5701 - azureml.automl.runtime.featurization.data_transformer._logger_wrapper:81 - SimpleImputer: Applying transform.
2020-11-14 19:06:52.910 - INFO - 5701 - azureml.automl.runtime.featurization.data_transformer._logger_wrapper:81 - SimpleImputer: Finished applying transform. Shape (13729, 1)
2020-11-14 19:06:52.910 - INFO - 5701 - azureml.automl.runtime.featurization.data_transformer._logger_wrapper:81 - Transform memory estimate: 0 bytes, Current available memory: 24665706496 bytes
2020-11-14 19:06:52.910 - INFO - 5701 - azureml.automl.runtime.featurization.data_transformer._logger_wrapper:81 - SimpleImputer: Applying transform.
2020-11-14 19:06:52.912 - INFO - 5701 - azureml.automl.runtime.featurization.data_transformer._logger_wrapper:81 - SimpleImputer: Finished applying transform. Shape (13729, 1)
2020-11-14 19:06:52.913 - INFO - 5701 - azureml.automl.runtime.featurization.data_transformer._logger_wrapper:81 - Transform memory estimate: 0 bytes, Current available memory: 24665706496 bytes
2020-11-14 19:06:52.913 - INFO - 5701 - azureml.automl.runtime.featurization.data_transformer._logger_wrapper:81 - SimpleImputer: Applying transform.
2020-11-14 19:06:52.915 - INFO - 5701 - azureml.automl.runtime.featurization.data_transformer._logger_wrapper:81 - SimpleImputer: Finished applying transform. Shape (13729, 1)
2020-11-14 19:06:52.916 - INFO - 5701 - azureml.automl.runtime.featurization.data_transformer._logger_wrapper:81 - Transform memory estimate: 0 bytes, Current available memory: 24665706496 bytes
2020-11-14 19:06:52.916 - INFO - 5701 - azureml.automl.runtime.featurization.data_transformer._logger_wrapper:81 - SimpleImputer: Applying transform.
2020-11-14 19:06:52.918 - INFO - 5701 - azureml.automl.runtime.featurization.data_transformer._logger_wrapper:81 - SimpleImputer: Finished applying transform. Shape (13729, 1)
2020-11-14 19:06:52.918 - INFO - 5701 - azureml.automl.runtime.featurization.data_transformer._logger_wrapper:81 - Transform memory estimate: 0 bytes, Current available memory: 24665706496 bytes
2020-11-14 19:06:52.918 - INFO - 5701 - azureml.automl.runtime.featurization.data_transformer._logger_wrapper:81 - SimpleImputer: Applying transform.
2020-11-14 19:06:52.920 - INFO - 5701 - azureml.automl.runtime.featurization.data_transformer._logger_wrapper:81 - SimpleImputer: Finished applying transform. Shape (13729, 1)
2020-11-14 19:06:52.921 - INFO - 5701 - azureml.automl.runtime.featurization.data_transformer._logger_wrapper:81 - Transform memory estimate: 0 bytes, Current available memory: 24665706496 bytes
2020-11-14 19:06:52.921 - INFO - 5701 - azureml.automl.runtime.featurization.data_transformer._logger_wrapper:81 - SimpleImputer: Applying transform.
2020-11-14 19:06:52.923 - INFO - 5701 - azureml.automl.runtime.featurization.data_transformer._logger_wrapper:81 - SimpleImputer: Finished applying transform. Shape (13729, 1)
2020-11-14 19:06:52.924 - INFO - 5701 - azureml.automl.runtime.featurization.data_transformer._logger_wrapper:81 - Transform memory estimate: 0 bytes, Current available memory: 24665706496 bytes
2020-11-14 19:06:52.924 - INFO - 5701 - azureml.automl.runtime.featurization.data_transformer._logger_wrapper:81 - SimpleImputer: Applying transform.
2020-11-14 19:06:52.926 - INFO - 5701 - azureml.automl.runtime.featurization.data_transformer._logger_wrapper:81 - SimpleImputer: Finished applying transform. Shape (13729, 1)
2020-11-14 19:06:52.926 - INFO - 5701 - azureml.automl.runtime.featurization.data_transformer._logger_wrapper:81 - Transform memory estimate: 0 bytes, Current available memory: 24665706496 bytes
2020-11-14 19:06:52.926 - INFO - 5701 - azureml.automl.runtime.featurization.data_transformer._logger_wrapper:81 - SimpleImputer: Applying transform.
2020-11-14 19:06:52.928 - INFO - 5701 - azureml.automl.runtime.featurization.data_transformer._logger_wrapper:81 - SimpleImputer: Finished applying transform. Shape (13729, 1)
2020-11-14 19:06:52.928 - INFO - 5701 - azureml.automl.runtime.featurization.data_transformer._logger_wrapper:81 - Finished applying transforms
2020-11-14 19:06:52.929 - INFO - 5701 - azureml.automl.runtime.shared.memory_utilities._is_low_memory:208 - Total ram: 29504061440 bytes, Current Available memory: 24665706496 bytes. Low memory threshold: 0.5
2020-11-14 19:07:02.518 - INFO - 5701 - azureml.automl.runtime.featurization.data_transformer._logger_wrapper:81 - Starting to apply transforms. Total ram: 29504061440 bytes
2020-11-14 19:07:02.528 - INFO - 5701 - azureml.automl.runtime.featurization.data_transformer._logger_wrapper:81 - Transform memory estimate: 0 bytes, Current available memory: 24659738624 bytes
2020-11-14 19:07:02.528 - INFO - 5701 - azureml.automl.runtime.featurization.data_transformer._logger_wrapper:81 - SimpleImputer: Applying transform.
2020-11-14 19:07:02.531 - INFO - 5701 - azureml.automl.runtime.featurization.data_transformer._logger_wrapper:81 - SimpleImputer: Finished applying transform. Shape (13729, 1)
2020-11-14 19:07:02.532 - INFO - 5701 - azureml.automl.runtime.featurization.data_transformer._logger_wrapper:81 - Transform memory estimate: 0 bytes, Current available memory: 24659738624 bytes
2020-11-14 19:07:02.532 - INFO - 5701 - azureml.automl.runtime.featurization.data_transformer._logger_wrapper:81 - SimpleImputer: Applying transform.
2020-11-14 19:07:02.535 - INFO - 5701 - azureml.automl.runtime.featurization.data_transformer._logger_wrapper:81 - SimpleImputer: Finished applying transform. Shape (13729, 1)
2020-11-14 19:07:02.535 - INFO - 5701 - azureml.automl.runtime.featurization.data_transformer._logger_wrapper:81 - Transform memory estimate: 0 bytes, Current available memory: 24659738624 bytes
2020-11-14 19:07:02.535 - INFO - 5701 - azureml.automl.runtime.featurization.data_transformer._logger_wrapper:81 - SimpleImputer: Applying transform.
2020-11-14 19:07:02.537 - INFO - 5701 - azureml.automl.runtime.featurization.data_transformer._logger_wrapper:81 - SimpleImputer: Finished applying transform. Shape (13729, 1)
2020-11-14 19:07:02.538 - INFO - 5701 - azureml.automl.runtime.featurization.data_transformer._logger_wrapper:81 - Transform memory estimate: 0 bytes, Current available memory: 24659738624 bytes
2020-11-14 19:07:02.538 - INFO - 5701 - azureml.automl.runtime.featurization.data_transformer._logger_wrapper:81 - SimpleImputer: Applying transform.
2020-11-14 19:07:02.540 - INFO - 5701 - azureml.automl.runtime.featurization.data_transformer._logger_wrapper:81 - SimpleImputer: Finished applying transform. Shape (13729, 1)
2020-11-14 19:07:02.541 - INFO - 5701 - azureml.automl.runtime.featurization.data_transformer._logger_wrapper:81 - Transform memory estimate: 0 bytes, Current available memory: 24659738624 bytes
2020-11-14 19:07:02.541 - INFO - 5701 - azureml.automl.runtime.featurization.data_transformer._logger_wrapper:81 - SimpleImputer: Applying transform.
2020-11-14 19:07:02.543 - INFO - 5701 - azureml.automl.runtime.featurization.data_transformer._logger_wrapper:81 - SimpleImputer: Finished applying transform. Shape (13729, 1)
2020-11-14 19:07:02.544 - INFO - 5701 - azureml.automl.runtime.featurization.data_transformer._logger_wrapper:81 - Transform memory estimate: 0 bytes, Current available memory: 24659738624 bytes
2020-11-14 19:07:02.544 - INFO - 5701 - azureml.automl.runtime.featurization.data_transformer._logger_wrapper:81 - SimpleImputer: Applying transform.
2020-11-14 19:07:02.547 - INFO - 5701 - azureml.automl.runtime.featurization.data_transformer._logger_wrapper:81 - SimpleImputer: Finished applying transform. Shape (13729, 1)
2020-11-14 19:07:02.547 - INFO - 5701 - azureml.automl.runtime.featurization.data_transformer._logger_wrapper:81 - Transform memory estimate: 0 bytes, Current available memory: 24659738624 bytes
2020-11-14 19:07:02.547 - INFO - 5701 - azureml.automl.runtime.featurization.data_transformer._logger_wrapper:81 - SimpleImputer: Applying transform.
2020-11-14 19:07:02.549 - INFO - 5701 - azureml.automl.runtime.featurization.data_transformer._logger_wrapper:81 - SimpleImputer: Finished applying transform. Shape (13729, 1)
2020-11-14 19:07:02.550 - INFO - 5701 - azureml.automl.runtime.featurization.data_transformer._logger_wrapper:81 - Transform memory estimate: 0 bytes, Current available memory: 24659738624 bytes
2020-11-14 19:07:02.550 - INFO - 5701 - azureml.automl.runtime.featurization.data_transformer._logger_wrapper:81 - SimpleImputer: Applying transform.
2020-11-14 19:07:02.552 - INFO - 5701 - azureml.automl.runtime.featurization.data_transformer._logger_wrapper:81 - SimpleImputer: Finished applying transform. Shape (13729, 1)
2020-11-14 19:07:02.552 - INFO - 5701 - azureml.automl.runtime.featurization.data_transformer._logger_wrapper:81 - Transform memory estimate: 0 bytes, Current available memory: 24659738624 bytes
2020-11-14 19:07:02.552 - INFO - 5701 - azureml.automl.runtime.featurization.data_transformer._logger_wrapper:81 - SimpleImputer: Applying transform.
2020-11-14 19:07:02.555 - INFO - 5701 - azureml.automl.runtime.featurization.data_transformer._logger_wrapper:81 - SimpleImputer: Finished applying transform. Shape (13729, 1)
2020-11-14 19:07:02.555 - INFO - 5701 - azureml.automl.runtime.featurization.data_transformer._logger_wrapper:81 - Transform memory estimate: 0 bytes, Current available memory: 24659738624 bytes
2020-11-14 19:07:02.555 - INFO - 5701 - azureml.automl.runtime.featurization.data_transformer._logger_wrapper:81 - SimpleImputer: Applying transform.
2020-11-14 19:07:02.557 - INFO - 5701 - azureml.automl.runtime.featurization.data_transformer._logger_wrapper:81 - SimpleImputer: Finished applying transform. Shape (13729, 1)
2020-11-14 19:07:02.558 - INFO - 5701 - azureml.automl.runtime.featurization.data_transformer._logger_wrapper:81 - Transform memory estimate: 0 bytes, Current available memory: 24659738624 bytes
2020-11-14 19:07:02.558 - INFO - 5701 - azureml.automl.runtime.featurization.data_transformer._logger_wrapper:81 - SimpleImputer: Applying transform.
2020-11-14 19:07:02.560 - INFO - 5701 - azureml.automl.runtime.featurization.data_transformer._logger_wrapper:81 - SimpleImputer: Finished applying transform. Shape (13729, 1)
2020-11-14 19:07:02.561 - INFO - 5701 - azureml.automl.runtime.featurization.data_transformer._logger_wrapper:81 - Transform memory estimate: 0 bytes, Current available memory: 24659738624 bytes
2020-11-14 19:07:02.561 - INFO - 5701 - azureml.automl.runtime.featurization.data_transformer._logger_wrapper:81 - SimpleImputer: Applying transform.
2020-11-14 19:07:02.563 - INFO - 5701 - azureml.automl.runtime.featurization.data_transformer._logger_wrapper:81 - SimpleImputer: Finished applying transform. Shape (13729, 1)
2020-11-14 19:07:02.563 - INFO - 5701 - azureml.automl.runtime.featurization.data_transformer._logger_wrapper:81 - Transform memory estimate: 0 bytes, Current available memory: 24659738624 bytes
2020-11-14 19:07:02.563 - INFO - 5701 - azureml.automl.runtime.featurization.data_transformer._logger_wrapper:81 - SimpleImputer: Applying transform.
2020-11-14 19:07:02.565 - INFO - 5701 - azureml.automl.runtime.featurization.data_transformer._logger_wrapper:81 - SimpleImputer: Finished applying transform. Shape (13729, 1)
2020-11-14 19:07:02.566 - INFO - 5701 - azureml.automl.runtime.featurization.data_transformer._logger_wrapper:81 - Transform memory estimate: 0 bytes, Current available memory: 24659738624 bytes
2020-11-14 19:07:02.566 - INFO - 5701 - azureml.automl.runtime.featurization.data_transformer._logger_wrapper:81 - SimpleImputer: Applying transform.
2020-11-14 19:07:02.568 - INFO - 5701 - azureml.automl.runtime.featurization.data_transformer._logger_wrapper:81 - SimpleImputer: Finished applying transform. Shape (13729, 1)
2020-11-14 19:07:02.569 - INFO - 5701 - azureml.automl.runtime.featurization.data_transformer._logger_wrapper:81 - Transform memory estimate: 0 bytes, Current available memory: 24659738624 bytes
2020-11-14 19:07:02.569 - INFO - 5701 - azureml.automl.runtime.featurization.data_transformer._logger_wrapper:81 - SimpleImputer: Applying transform.
2020-11-14 19:07:02.571 - INFO - 5701 - azureml.automl.runtime.featurization.data_transformer._logger_wrapper:81 - SimpleImputer: Finished applying transform. Shape (13729, 1)
2020-11-14 19:07:02.571 - INFO - 5701 - azureml.automl.runtime.featurization.data_transformer._logger_wrapper:81 - Transform memory estimate: 0 bytes, Current available memory: 24659738624 bytes
2020-11-14 19:07:02.571 - INFO - 5701 - azureml.automl.runtime.featurization.data_transformer._logger_wrapper:81 - SimpleImputer: Applying transform.
2020-11-14 19:07:02.574 - INFO - 5701 - azureml.automl.runtime.featurization.data_transformer._logger_wrapper:81 - SimpleImputer: Finished applying transform. Shape (13729, 1)
2020-11-14 19:07:02.574 - INFO - 5701 - azureml.automl.runtime.featurization.data_transformer._logger_wrapper:81 - Transform memory estimate: 0 bytes, Current available memory: 24659738624 bytes
2020-11-14 19:07:02.574 - INFO - 5701 - azureml.automl.runtime.featurization.data_transformer._logger_wrapper:81 - SimpleImputer: Applying transform.
2020-11-14 19:07:02.576 - INFO - 5701 - azureml.automl.runtime.featurization.data_transformer._logger_wrapper:81 - SimpleImputer: Finished applying transform. Shape (13729, 1)
2020-11-14 19:07:02.577 - INFO - 5701 - azureml.automl.runtime.featurization.data_transformer._logger_wrapper:81 - Transform memory estimate: 0 bytes, Current available memory: 24659738624 bytes
2020-11-14 19:07:02.577 - INFO - 5701 - azureml.automl.runtime.featurization.data_transformer._logger_wrapper:81 - SimpleImputer: Applying transform.
2020-11-14 19:07:02.579 - INFO - 5701 - azureml.automl.runtime.featurization.data_transformer._logger_wrapper:81 - SimpleImputer: Finished applying transform. Shape (13729, 1)
2020-11-14 19:07:02.579 - INFO - 5701 - azureml.automl.runtime.featurization.data_transformer._logger_wrapper:81 - Finished applying transforms
2020-11-14 19:07:02.580 - INFO - 5701 - azureml.automl.runtime.shared.memory_utilities._is_low_memory:208 - Total ram: 29504061440 bytes, Current Available memory: 24659738624 bytes. Low memory threshold: 0.5
2020-11-14 19:07:12.356 - INFO - 5701 - azureml.automl.runtime.featurization.data_transformer._logger_wrapper:81 - Starting to apply transforms. Total ram: 29504061440 bytes
2020-11-14 19:07:12.357 - INFO - 5701 - azureml.automl.runtime.featurization.data_transformer._logger_wrapper:81 - Transform memory estimate: 0 bytes, Current available memory: 24657842176 bytes
2020-11-14 19:07:12.366 - INFO - 5701 - azureml.automl.runtime.featurization.data_transformer._logger_wrapper:81 - SimpleImputer: Applying transform.
2020-11-14 19:07:12.370 - INFO - 5701 - azureml.automl.runtime.featurization.data_transformer._logger_wrapper:81 - SimpleImputer: Finished applying transform. Shape (13729, 1)
2020-11-14 19:07:12.371 - INFO - 5701 - azureml.automl.runtime.featurization.data_transformer._logger_wrapper:81 - Transform memory estimate: 0 bytes, Current available memory: 24657842176 bytes
2020-11-14 19:07:12.371 - INFO - 5701 - azureml.automl.runtime.featurization.data_transformer._logger_wrapper:81 - SimpleImputer: Applying transform.
2020-11-14 19:07:12.373 - INFO - 5701 - azureml.automl.runtime.featurization.data_transformer._logger_wrapper:81 - SimpleImputer: Finished applying transform. Shape (13729, 1)
2020-11-14 19:07:12.374 - INFO - 5701 - azureml.automl.runtime.featurization.data_transformer._logger_wrapper:81 - Transform memory estimate: 0 bytes, Current available memory: 24657842176 bytes
2020-11-14 19:07:12.374 - INFO - 5701 - azureml.automl.runtime.featurization.data_transformer._logger_wrapper:81 - SimpleImputer: Applying transform.
2020-11-14 19:07:12.376 - INFO - 5701 - azureml.automl.runtime.featurization.data_transformer._logger_wrapper:81 - SimpleImputer: Finished applying transform. Shape (13729, 1)
2020-11-14 19:07:12.376 - INFO - 5701 - azureml.automl.runtime.featurization.data_transformer._logger_wrapper:81 - Transform memory estimate: 0 bytes, Current available memory: 24657842176 bytes
2020-11-14 19:07:12.377 - INFO - 5701 - azureml.automl.runtime.featurization.data_transformer._logger_wrapper:81 - SimpleImputer: Applying transform.
2020-11-14 19:07:12.379 - INFO - 5701 - azureml.automl.runtime.featurization.data_transformer._logger_wrapper:81 - SimpleImputer: Finished applying transform. Shape (13729, 1)
2020-11-14 19:07:12.380 - INFO - 5701 - azureml.automl.runtime.featurization.data_transformer._logger_wrapper:81 - Transform memory estimate: 0 bytes, Current available memory: 24657842176 bytes
2020-11-14 19:07:12.380 - INFO - 5701 - azureml.automl.runtime.featurization.data_transformer._logger_wrapper:81 - SimpleImputer: Applying transform.
2020-11-14 19:07:12.382 - INFO - 5701 - azureml.automl.runtime.featurization.data_transformer._logger_wrapper:81 - SimpleImputer: Finished applying transform. Shape (13729, 1)
2020-11-14 19:07:12.383 - INFO - 5701 - azureml.automl.runtime.featurization.data_transformer._logger_wrapper:81 - Transform memory estimate: 0 bytes, Current available memory: 24657842176 bytes
2020-11-14 19:07:12.383 - INFO - 5701 - azureml.automl.runtime.featurization.data_transformer._logger_wrapper:81 - SimpleImputer: Applying transform.
2020-11-14 19:07:12.385 - INFO - 5701 - azureml.automl.runtime.featurization.data_transformer._logger_wrapper:81 - SimpleImputer: Finished applying transform. Shape (13729, 1)
2020-11-14 19:07:12.386 - INFO - 5701 - azureml.automl.runtime.featurization.data_transformer._logger_wrapper:81 - Transform memory estimate: 0 bytes, Current available memory: 24657809408 bytes
2020-11-14 19:07:12.386 - INFO - 5701 - azureml.automl.runtime.featurization.data_transformer._logger_wrapper:81 - SimpleImputer: Applying transform.
2020-11-14 19:07:12.388 - INFO - 5701 - azureml.automl.runtime.featurization.data_transformer._logger_wrapper:81 - SimpleImputer: Finished applying transform. Shape (13729, 1)
2020-11-14 19:07:12.389 - INFO - 5701 - azureml.automl.runtime.featurization.data_transformer._logger_wrapper:81 - Transform memory estimate: 0 bytes, Current available memory: 24657809408 bytes
2020-11-14 19:07:12.389 - INFO - 5701 - azureml.automl.runtime.featurization.data_transformer._logger_wrapper:81 - SimpleImputer: Applying transform.
2020-11-14 19:07:12.391 - INFO - 5701 - azureml.automl.runtime.featurization.data_transformer._logger_wrapper:81 - SimpleImputer: Finished applying transform. Shape (13729, 1)
2020-11-14 19:07:12.391 - INFO - 5701 - azureml.automl.runtime.featurization.data_transformer._logger_wrapper:81 - Transform memory estimate: 0 bytes, Current available memory: 24657809408 bytes
2020-11-14 19:07:12.392 - INFO - 5701 - azureml.automl.runtime.featurization.data_transformer._logger_wrapper:81 - SimpleImputer: Applying transform.
2020-11-14 19:07:12.394 - INFO - 5701 - azureml.automl.runtime.featurization.data_transformer._logger_wrapper:81 - SimpleImputer: Finished applying transform. Shape (13729, 1)
2020-11-14 19:07:12.394 - INFO - 5701 - azureml.automl.runtime.featurization.data_transformer._logger_wrapper:81 - Transform memory estimate: 0 bytes, Current available memory: 24657809408 bytes
2020-11-14 19:07:12.395 - INFO - 5701 - azureml.automl.runtime.featurization.data_transformer._logger_wrapper:81 - SimpleImputer: Applying transform.
2020-11-14 19:07:12.397 - INFO - 5701 - azureml.automl.runtime.featurization.data_transformer._logger_wrapper:81 - SimpleImputer: Finished applying transform. Shape (13729, 1)
2020-11-14 19:07:12.397 - INFO - 5701 - azureml.automl.runtime.featurization.data_transformer._logger_wrapper:81 - Transform memory estimate: 0 bytes, Current available memory: 24657809408 bytes
2020-11-14 19:07:12.397 - INFO - 5701 - azureml.automl.runtime.featurization.data_transformer._logger_wrapper:81 - SimpleImputer: Applying transform.
2020-11-14 19:07:12.400 - INFO - 5701 - azureml.automl.runtime.featurization.data_transformer._logger_wrapper:81 - SimpleImputer: Finished applying transform. Shape (13729, 1)
2020-11-14 19:07:12.400 - INFO - 5701 - azureml.automl.runtime.featurization.data_transformer._logger_wrapper:81 - Transform memory estimate: 0 bytes, Current available memory: 24657809408 bytes
2020-11-14 19:07:12.400 - INFO - 5701 - azureml.automl.runtime.featurization.data_transformer._logger_wrapper:81 - SimpleImputer: Applying transform.
2020-11-14 19:07:12.402 - INFO - 5701 - azureml.automl.runtime.featurization.data_transformer._logger_wrapper:81 - SimpleImputer: Finished applying transform. Shape (13729, 1)
2020-11-14 19:07:12.403 - INFO - 5701 - azureml.automl.runtime.featurization.data_transformer._logger_wrapper:81 - Transform memory estimate: 0 bytes, Current available memory: 24657809408 bytes
2020-11-14 19:07:12.403 - INFO - 5701 - azureml.automl.runtime.featurization.data_transformer._logger_wrapper:81 - SimpleImputer: Applying transform.
2020-11-14 19:07:12.405 - INFO - 5701 - azureml.automl.runtime.featurization.data_transformer._logger_wrapper:81 - SimpleImputer: Finished applying transform. Shape (13729, 1)
2020-11-14 19:07:12.406 - INFO - 5701 - azureml.automl.runtime.featurization.data_transformer._logger_wrapper:81 - Transform memory estimate: 0 bytes, Current available memory: 24657809408 bytes
2020-11-14 19:07:12.406 - INFO - 5701 - azureml.automl.runtime.featurization.data_transformer._logger_wrapper:81 - SimpleImputer: Applying transform.
2020-11-14 19:07:12.408 - INFO - 5701 - azureml.automl.runtime.featurization.data_transformer._logger_wrapper:81 - SimpleImputer: Finished applying transform. Shape (13729, 1)
2020-11-14 19:07:12.408 - INFO - 5701 - azureml.automl.runtime.featurization.data_transformer._logger_wrapper:81 - Transform memory estimate: 0 bytes, Current available memory: 24657809408 bytes
2020-11-14 19:07:12.409 - INFO - 5701 - azureml.automl.runtime.featurization.data_transformer._logger_wrapper:81 - SimpleImputer: Applying transform.
2020-11-14 19:07:12.411 - INFO - 5701 - azureml.automl.runtime.featurization.data_transformer._logger_wrapper:81 - SimpleImputer: Finished applying transform. Shape (13729, 1)
2020-11-14 19:07:12.411 - INFO - 5701 - azureml.automl.runtime.featurization.data_transformer._logger_wrapper:81 - Transform memory estimate: 0 bytes, Current available memory: 24657809408 bytes
2020-11-14 19:07:12.411 - INFO - 5701 - azureml.automl.runtime.featurization.data_transformer._logger_wrapper:81 - SimpleImputer: Applying transform.
2020-11-14 19:07:12.414 - INFO - 5701 - azureml.automl.runtime.featurization.data_transformer._logger_wrapper:81 - SimpleImputer: Finished applying transform. Shape (13729, 1)
2020-11-14 19:07:12.414 - INFO - 5701 - azureml.automl.runtime.featurization.data_transformer._logger_wrapper:81 - Transform memory estimate: 0 bytes, Current available memory: 24657809408 bytes
2020-11-14 19:07:12.414 - INFO - 5701 - azureml.automl.runtime.featurization.data_transformer._logger_wrapper:81 - SimpleImputer: Applying transform.
2020-11-14 19:07:12.417 - INFO - 5701 - azureml.automl.runtime.featurization.data_transformer._logger_wrapper:81 - SimpleImputer: Finished applying transform. Shape (13729, 1)
2020-11-14 19:07:12.417 - INFO - 5701 - azureml.automl.runtime.featurization.data_transformer._logger_wrapper:81 - Transform memory estimate: 0 bytes, Current available memory: 24657809408 bytes
2020-11-14 19:07:12.417 - INFO - 5701 - azureml.automl.runtime.featurization.data_transformer._logger_wrapper:81 - SimpleImputer: Applying transform.
2020-11-14 19:07:12.420 - INFO - 5701 - azureml.automl.runtime.featurization.data_transformer._logger_wrapper:81 - SimpleImputer: Finished applying transform. Shape (13729, 1)
2020-11-14 19:07:12.420 - INFO - 5701 - azureml.automl.runtime.featurization.data_transformer._logger_wrapper:81 - Finished applying transforms
2020-11-14 19:07:12.421 - INFO - 5701 - azureml.automl.runtime.shared.memory_utilities._is_low_memory:208 - Total ram: 29504061440 bytes, Current Available memory: 24657809408 bytes. Low memory threshold: 0.5
2020-11-14 19:15:53.176 - INFO - 5701 - azureml.train.automl.run._log_activity:54 - ActivityStarted: RegisterModel
2020-11-14 19:15:53.180 - INFO - 5701 - azureml.train.automl.run._log_activity:54 - ActivityStarted: GetChildren
2020-11-14 19:15:53.342 - INFO - 5701 - azureml.train.automl.run._log_activity:92 - ActivityCompleted: Activity=GetChildren, HowEnded=Success, Duration=161.3[ms]
2020-11-14 19:15:54.101 - INFO - 5701 - azureml.train.automl.run._log_activity:92 - ActivityCompleted: Activity=RegisterModel, HowEnded=Success, Duration=925.08[ms]
2020-11-16 18:04:28.688 - INFO - 6156 - azureml.train.automl.run._log_activity:54 - ActivityStarted: GetOutput
2020-11-16 18:04:28.793 - INFO - 6156 - azureml.train.automl.run._log_activity:54 - ActivityStarted: GetOutput
2020-11-16 18:04:28.819 - INFO - 6156 - azureml.train.automl.run._log_activity:54 - ActivityStarted: GetChildren
2020-11-16 18:04:28.943 - INFO - 6156 - azureml.train.automl.run._log_activity:92 - ActivityCompleted: Activity=GetChildren, HowEnded=Success, Duration=124.16[ms]
2020-11-16 18:04:28.943 - INFO - 6156 - azureml.train.automl.run._log_activity:92 - ActivityCompleted: Activity=GetOutput, HowEnded=Success, Duration=149.46[ms]
2020-11-16 18:04:28.966 - INFO - 6156 - azureml.train.automl.run._log_activity:54 - ActivityStarted: DownloadModel
2020-11-16 18:04:41.509 - INFO - 6156 - azureml.automl.runtime.featurization.data_transformer._logger_wrapper:81 - Feature sweeping enabled: False
2020-11-16 18:04:41.509 - INFO - 6156 - azureml.automl.runtime.featurization.data_transformer._logger_wrapper:81 - Feature sweeping timeout: 86400
2020-11-16 18:04:41.704 - INFO - 6156 - azureml.train.automl.run._log_activity:92 - ActivityCompleted: Activity=DownloadModel, HowEnded=Success, Duration=12738.06[ms]
2020-11-16 18:04:41.704 - INFO - 6156 - azureml.train.automl.run._log_activity:92 - ActivityCompleted: Activity=GetOutput, HowEnded=Success, Duration=13016.79[ms]
2020-11-16 18:10:25.878 - INFO - 6156 - azureml.automl.runtime.featurization.data_transformer._logger_wrapper:81 - Starting to apply transforms. Total ram: 29480620032 bytes
2020-11-16 18:10:25.879 - INFO - 6156 - azureml.automl.runtime.featurization.data_transformer._logger_wrapper:81 - Transform memory estimate: 0 bytes, Current available memory: 24110456832 bytes
2020-11-16 18:10:25.879 - INFO - 6156 - azureml.automl.runtime.featurization.data_transformer._logger_wrapper:81 - SimpleImputer: Applying transform.
2020-11-16 18:10:25.891 - INFO - 6156 - azureml.automl.runtime.featurization.data_transformer._logger_wrapper:81 - SimpleImputer: Finished applying transform. Shape (13729, 1)
2020-11-16 18:10:25.892 - INFO - 6156 - azureml.automl.runtime.featurization.data_transformer._logger_wrapper:81 - Transform memory estimate: 0 bytes, Current available memory: 24109187072 bytes
2020-11-16 18:10:25.892 - INFO - 6156 - azureml.automl.runtime.featurization.data_transformer._logger_wrapper:81 - SimpleImputer: Applying transform.
2020-11-16 18:10:25.895 - INFO - 6156 - azureml.automl.runtime.featurization.data_transformer._logger_wrapper:81 - SimpleImputer: Finished applying transform. Shape (13729, 1)
2020-11-16 18:10:25.895 - INFO - 6156 - azureml.automl.runtime.featurization.data_transformer._logger_wrapper:81 - Transform memory estimate: 0 bytes, Current available memory: 24109187072 bytes
2020-11-16 18:10:25.895 - INFO - 6156 - azureml.automl.runtime.featurization.data_transformer._logger_wrapper:81 - SimpleImputer: Applying transform.
2020-11-16 18:10:25.898 - INFO - 6156 - azureml.automl.runtime.featurization.data_transformer._logger_wrapper:81 - SimpleImputer: Finished applying transform. Shape (13729, 1)
2020-11-16 18:10:25.898 - INFO - 6156 - azureml.automl.runtime.featurization.data_transformer._logger_wrapper:81 - Transform memory estimate: 0 bytes, Current available memory: 24109187072 bytes
2020-11-16 18:10:25.898 - INFO - 6156 - azureml.automl.runtime.featurization.data_transformer._logger_wrapper:81 - SimpleImputer: Applying transform.
2020-11-16 18:10:25.900 - INFO - 6156 - azureml.automl.runtime.featurization.data_transformer._logger_wrapper:81 - SimpleImputer: Finished applying transform. Shape (13729, 1)
2020-11-16 18:10:25.901 - INFO - 6156 - azureml.automl.runtime.featurization.data_transformer._logger_wrapper:81 - Transform memory estimate: 0 bytes, Current available memory: 24109187072 bytes
2020-11-16 18:10:25.901 - INFO - 6156 - azureml.automl.runtime.featurization.data_transformer._logger_wrapper:81 - SimpleImputer: Applying transform.
2020-11-16 18:10:25.904 - INFO - 6156 - azureml.automl.runtime.featurization.data_transformer._logger_wrapper:81 - SimpleImputer: Finished applying transform. Shape (13729, 1)
2020-11-16 18:10:25.904 - INFO - 6156 - azureml.automl.runtime.featurization.data_transformer._logger_wrapper:81 - Transform memory estimate: 0 bytes, Current available memory: 24109187072 bytes
2020-11-16 18:10:25.905 - INFO - 6156 - azureml.automl.runtime.featurization.data_transformer._logger_wrapper:81 - SimpleImputer: Applying transform.
2020-11-16 18:10:25.907 - INFO - 6156 - azureml.automl.runtime.featurization.data_transformer._logger_wrapper:81 - SimpleImputer: Finished applying transform. Shape (13729, 1)
2020-11-16 18:10:25.912 - INFO - 6156 - azureml.automl.runtime.featurization.data_transformer._logger_wrapper:81 - Transform memory estimate: 0 bytes, Current available memory: 24109154304 bytes
2020-11-16 18:10:25.914 - INFO - 6156 - azureml.automl.runtime.featurization.data_transformer._logger_wrapper:81 - SimpleImputer: Applying transform.
2020-11-16 18:10:25.917 - INFO - 6156 - azureml.automl.runtime.featurization.data_transformer._logger_wrapper:81 - SimpleImputer: Finished applying transform. Shape (13729, 1)
2020-11-16 18:10:25.920 - INFO - 6156 - azureml.automl.runtime.featurization.data_transformer._logger_wrapper:81 - Transform memory estimate: 0 bytes, Current available memory: 24109154304 bytes
2020-11-16 18:10:25.920 - INFO - 6156 - azureml.automl.runtime.featurization.data_transformer._logger_wrapper:81 - SimpleImputer: Applying transform.
2020-11-16 18:10:25.922 - INFO - 6156 - azureml.automl.runtime.featurization.data_transformer._logger_wrapper:81 - SimpleImputer: Finished applying transform. Shape (13729, 1)
2020-11-16 18:10:25.923 - INFO - 6156 - azureml.automl.runtime.featurization.data_transformer._logger_wrapper:81 - Transform memory estimate: 0 bytes, Current available memory: 24109154304 bytes
2020-11-16 18:10:25.923 - INFO - 6156 - azureml.automl.runtime.featurization.data_transformer._logger_wrapper:81 - SimpleImputer: Applying transform.
2020-11-16 18:10:25.927 - INFO - 6156 - azureml.automl.runtime.featurization.data_transformer._logger_wrapper:81 - SimpleImputer: Finished applying transform. Shape (13729, 1)
2020-11-16 18:10:25.927 - INFO - 6156 - azureml.automl.runtime.featurization.data_transformer._logger_wrapper:81 - Transform memory estimate: 0 bytes, Current available memory: 24109154304 bytes
2020-11-16 18:10:25.927 - INFO - 6156 - azureml.automl.runtime.featurization.data_transformer._logger_wrapper:81 - SimpleImputer: Applying transform.
2020-11-16 18:10:25.931 - INFO - 6156 - azureml.automl.runtime.featurization.data_transformer._logger_wrapper:81 - SimpleImputer: Finished applying transform. Shape (13729, 1)
2020-11-16 18:10:25.932 - INFO - 6156 - azureml.automl.runtime.featurization.data_transformer._logger_wrapper:81 - Transform memory estimate: 0 bytes, Current available memory: 24109154304 bytes
2020-11-16 18:10:25.932 - INFO - 6156 - azureml.automl.runtime.featurization.data_transformer._logger_wrapper:81 - SimpleImputer: Applying transform.
2020-11-16 18:10:25.934 - INFO - 6156 - azureml.automl.runtime.featurization.data_transformer._logger_wrapper:81 - SimpleImputer: Finished applying transform. Shape (13729, 1)
2020-11-16 18:10:25.935 - INFO - 6156 - azureml.automl.runtime.featurization.data_transformer._logger_wrapper:81 - Transform memory estimate: 0 bytes, Current available memory: 24109027328 bytes
2020-11-16 18:10:25.935 - INFO - 6156 - azureml.automl.runtime.featurization.data_transformer._logger_wrapper:81 - SimpleImputer: Applying transform.
2020-11-16 18:10:25.938 - INFO - 6156 - azureml.automl.runtime.featurization.data_transformer._logger_wrapper:81 - SimpleImputer: Finished applying transform. Shape (13729, 1)
2020-11-16 18:10:25.939 - INFO - 6156 - azureml.automl.runtime.featurization.data_transformer._logger_wrapper:81 - Transform memory estimate: 0 bytes, Current available memory: 24109027328 bytes
2020-11-16 18:10:25.939 - INFO - 6156 - azureml.automl.runtime.featurization.data_transformer._logger_wrapper:81 - SimpleImputer: Applying transform.
2020-11-16 18:10:25.941 - INFO - 6156 - azureml.automl.runtime.featurization.data_transformer._logger_wrapper:81 - SimpleImputer: Finished applying transform. Shape (13729, 1)
2020-11-16 18:10:25.942 - INFO - 6156 - azureml.automl.runtime.featurization.data_transformer._logger_wrapper:81 - Transform memory estimate: 0 bytes, Current available memory: 24109027328 bytes
2020-11-16 18:10:25.942 - INFO - 6156 - azureml.automl.runtime.featurization.data_transformer._logger_wrapper:81 - SimpleImputer: Applying transform.
2020-11-16 18:10:25.945 - INFO - 6156 - azureml.automl.runtime.featurization.data_transformer._logger_wrapper:81 - SimpleImputer: Finished applying transform. Shape (13729, 1)
2020-11-16 18:10:25.945 - INFO - 6156 - azureml.automl.runtime.featurization.data_transformer._logger_wrapper:81 - Transform memory estimate: 0 bytes, Current available memory: 24109027328 bytes
2020-11-16 18:10:25.945 - INFO - 6156 - azureml.automl.runtime.featurization.data_transformer._logger_wrapper:81 - SimpleImputer: Applying transform.
2020-11-16 18:10:25.947 - INFO - 6156 - azureml.automl.runtime.featurization.data_transformer._logger_wrapper:81 - SimpleImputer: Finished applying transform. Shape (13729, 1)
2020-11-16 18:10:25.948 - INFO - 6156 - azureml.automl.runtime.featurization.data_transformer._logger_wrapper:81 - Transform memory estimate: 0 bytes, Current available memory: 24109027328 bytes
2020-11-16 18:10:25.949 - INFO - 6156 - azureml.automl.runtime.featurization.data_transformer._logger_wrapper:81 - SimpleImputer: Applying transform.
2020-11-16 18:10:25.951 - INFO - 6156 - azureml.automl.runtime.featurization.data_transformer._logger_wrapper:81 - SimpleImputer: Finished applying transform. Shape (13729, 1)
2020-11-16 18:10:25.952 - INFO - 6156 - azureml.automl.runtime.featurization.data_transformer._logger_wrapper:81 - Transform memory estimate: 0 bytes, Current available memory: 24109027328 bytes
2020-11-16 18:10:25.952 - INFO - 6156 - azureml.automl.runtime.featurization.data_transformer._logger_wrapper:81 - SimpleImputer: Applying transform.
2020-11-16 18:10:25.955 - INFO - 6156 - azureml.automl.runtime.featurization.data_transformer._logger_wrapper:81 - SimpleImputer: Finished applying transform. Shape (13729, 1)
2020-11-16 18:10:25.955 - INFO - 6156 - azureml.automl.runtime.featurization.data_transformer._logger_wrapper:81 - Transform memory estimate: 0 bytes, Current available memory: 24109027328 bytes
2020-11-16 18:10:25.955 - INFO - 6156 - azureml.automl.runtime.featurization.data_transformer._logger_wrapper:81 - SimpleImputer: Applying transform.
2020-11-16 18:10:25.958 - INFO - 6156 - azureml.automl.runtime.featurization.data_transformer._logger_wrapper:81 - SimpleImputer: Finished applying transform. Shape (13729, 1)
2020-11-16 18:10:25.959 - INFO - 6156 - azureml.automl.runtime.featurization.data_transformer._logger_wrapper:81 - Finished applying transforms
2020-11-16 18:10:25.960 - INFO - 6156 - azureml.automl.runtime.shared.memory_utilities._is_low_memory:208 - Total ram: 29480620032 bytes, Current Available memory: 24109027328 bytes. Low memory threshold: 0.5
2020-11-17 17:47:46.761 - INFO - 17534 - azureml.train.automl.run._log_activity:54 - ActivityStarted: GetOutput
2020-11-17 17:47:46.766 - INFO - 17534 - azureml.train.automl.run._log_activity:54 - ActivityStarted: GetOutput
2020-11-17 17:47:46.918 - INFO - 17534 - azureml.train.automl.run._log_activity:54 - ActivityStarted: GetChildren
2020-11-17 17:47:47.609 - INFO - 17534 - azureml.train.automl.run._log_activity:92 - ActivityCompleted: Activity=GetChildren, HowEnded=Success, Duration=690.54[ms]
2020-11-17 17:47:47.609 - INFO - 17534 - azureml.train.automl.run._log_activity:92 - ActivityCompleted: Activity=GetOutput, HowEnded=Success, Duration=843.54[ms]
2020-11-17 17:47:47.609 - INFO - 17534 - azureml.train.automl.run._log_activity:54 - ActivityStarted: DownloadModel
2020-11-17 17:47:59.750 - INFO - 17534 - azureml.automl.runtime.featurization.data_transformer._logger_wrapper:81 - Feature sweeping enabled: False
2020-11-17 17:47:59.750 - INFO - 17534 - azureml.automl.runtime.featurization.data_transformer._logger_wrapper:81 - Feature sweeping timeout: 86400
2020-11-17 17:47:59.912 - INFO - 17534 - azureml.train.automl.run._log_activity:92 - ActivityCompleted: Activity=DownloadModel, HowEnded=Success, Duration=12302.28[ms]
2020-11-17 17:47:59.912 - INFO - 17534 - azureml.train.automl.run._log_activity:92 - ActivityCompleted: Activity=GetOutput, HowEnded=Success, Duration=13151.17[ms]
2020-11-17 17:48:03.561 - INFO - 17534 - azureml.automl.runtime.featurization.data_transformer._logger_wrapper:81 - Starting to apply transforms. Total ram: 29480620032 bytes
2020-11-17 17:48:03.562 - INFO - 17534 - azureml.automl.runtime.featurization.data_transformer._logger_wrapper:81 - Transform memory estimate: 0 bytes, Current available memory: 23631544320 bytes
2020-11-17 17:48:03.562 - INFO - 17534 - azureml.automl.runtime.featurization.data_transformer._logger_wrapper:81 - SimpleImputer: Applying transform.
2020-11-17 17:48:03.565 - INFO - 17534 - azureml.automl.runtime.featurization.data_transformer._logger_wrapper:81 - SimpleImputer: Finished applying transform. Shape (13729, 1)
2020-11-17 17:48:03.565 - INFO - 17534 - azureml.automl.runtime.featurization.data_transformer._logger_wrapper:81 - Transform memory estimate: 0 bytes, Current available memory: 23631544320 bytes
2020-11-17 17:48:03.565 - INFO - 17534 - azureml.automl.runtime.featurization.data_transformer._logger_wrapper:81 - SimpleImputer: Applying transform.
2020-11-17 17:48:03.569 - INFO - 17534 - azureml.automl.runtime.featurization.data_transformer._logger_wrapper:81 - SimpleImputer: Finished applying transform. Shape (13729, 1)
2020-11-17 17:48:03.569 - INFO - 17534 - azureml.automl.runtime.featurization.data_transformer._logger_wrapper:81 - Transform memory estimate: 0 bytes, Current available memory: 23631544320 bytes
2020-11-17 17:48:03.570 - INFO - 17534 - azureml.automl.runtime.featurization.data_transformer._logger_wrapper:81 - SimpleImputer: Applying transform.
2020-11-17 17:48:03.581 - INFO - 17534 - azureml.automl.runtime.featurization.data_transformer._logger_wrapper:81 - SimpleImputer: Finished applying transform. Shape (13729, 1)
2020-11-17 17:48:03.582 - INFO - 17534 - azureml.automl.runtime.featurization.data_transformer._logger_wrapper:81 - Transform memory estimate: 0 bytes, Current available memory: 23631769600 bytes
2020-11-17 17:48:03.582 - INFO - 17534 - azureml.automl.runtime.featurization.data_transformer._logger_wrapper:81 - SimpleImputer: Applying transform.
2020-11-17 17:48:03.584 - INFO - 17534 - azureml.automl.runtime.featurization.data_transformer._logger_wrapper:81 - SimpleImputer: Finished applying transform. Shape (13729, 1)
2020-11-17 17:48:03.584 - INFO - 17534 - azureml.automl.runtime.featurization.data_transformer._logger_wrapper:81 - Transform memory estimate: 0 bytes, Current available memory: 23631769600 bytes
2020-11-17 17:48:03.584 - INFO - 17534 - azureml.automl.runtime.featurization.data_transformer._logger_wrapper:81 - SimpleImputer: Applying transform.
2020-11-17 17:48:03.586 - INFO - 17534 - azureml.automl.runtime.featurization.data_transformer._logger_wrapper:81 - SimpleImputer: Finished applying transform. Shape (13729, 1)
2020-11-17 17:48:03.586 - INFO - 17534 - azureml.automl.runtime.featurization.data_transformer._logger_wrapper:81 - Transform memory estimate: 0 bytes, Current available memory: 23631769600 bytes
2020-11-17 17:48:03.586 - INFO - 17534 - azureml.automl.runtime.featurization.data_transformer._logger_wrapper:81 - SimpleImputer: Applying transform.
2020-11-17 17:48:03.588 - INFO - 17534 - azureml.automl.runtime.featurization.data_transformer._logger_wrapper:81 - SimpleImputer: Finished applying transform. Shape (13729, 1)
2020-11-17 17:48:03.588 - INFO - 17534 - azureml.automl.runtime.featurization.data_transformer._logger_wrapper:81 - Transform memory estimate: 0 bytes, Current available memory: 23631769600 bytes
2020-11-17 17:48:03.588 - INFO - 17534 - azureml.automl.runtime.featurization.data_transformer._logger_wrapper:81 - SimpleImputer: Applying transform.
2020-11-17 17:48:03.590 - INFO - 17534 - azureml.automl.runtime.featurization.data_transformer._logger_wrapper:81 - SimpleImputer: Finished applying transform. Shape (13729, 1)
2020-11-17 17:48:03.590 - INFO - 17534 - azureml.automl.runtime.featurization.data_transformer._logger_wrapper:81 - Transform memory estimate: 0 bytes, Current available memory: 23631769600 bytes
2020-11-17 17:48:03.590 - INFO - 17534 - azureml.automl.runtime.featurization.data_transformer._logger_wrapper:81 - SimpleImputer: Applying transform.
2020-11-17 17:48:03.592 - INFO - 17534 - azureml.automl.runtime.featurization.data_transformer._logger_wrapper:81 - SimpleImputer: Finished applying transform. Shape (13729, 1)
2020-11-17 17:48:03.592 - INFO - 17534 - azureml.automl.runtime.featurization.data_transformer._logger_wrapper:81 - Transform memory estimate: 0 bytes, Current available memory: 23631769600 bytes
2020-11-17 17:48:03.592 - INFO - 17534 - azureml.automl.runtime.featurization.data_transformer._logger_wrapper:81 - SimpleImputer: Applying transform.
2020-11-17 17:48:03.594 - INFO - 17534 - azureml.automl.runtime.featurization.data_transformer._logger_wrapper:81 - SimpleImputer: Finished applying transform. Shape (13729, 1)
2020-11-17 17:48:03.594 - INFO - 17534 - azureml.automl.runtime.featurization.data_transformer._logger_wrapper:81 - Transform memory estimate: 0 bytes, Current available memory: 23631769600 bytes
2020-11-17 17:48:03.594 - INFO - 17534 - azureml.automl.runtime.featurization.data_transformer._logger_wrapper:81 - SimpleImputer: Applying transform.
2020-11-17 17:48:03.600 - INFO - 17534 - azureml.automl.runtime.featurization.data_transformer._logger_wrapper:81 - SimpleImputer: Finished applying transform. Shape (13729, 1)
2020-11-17 17:48:03.600 - INFO - 17534 - azureml.automl.runtime.featurization.data_transformer._logger_wrapper:81 - Transform memory estimate: 0 bytes, Current available memory: 23631769600 bytes
2020-11-17 17:48:03.600 - INFO - 17534 - azureml.automl.runtime.featurization.data_transformer._logger_wrapper:81 - SimpleImputer: Applying transform.
2020-11-17 17:48:03.602 - INFO - 17534 - azureml.automl.runtime.featurization.data_transformer._logger_wrapper:81 - SimpleImputer: Finished applying transform. Shape (13729, 1)
2020-11-17 17:48:03.602 - INFO - 17534 - azureml.automl.runtime.featurization.data_transformer._logger_wrapper:81 - Transform memory estimate: 0 bytes, Current available memory: 23631769600 bytes
2020-11-17 17:48:03.602 - INFO - 17534 - azureml.automl.runtime.featurization.data_transformer._logger_wrapper:81 - SimpleImputer: Applying transform.
2020-11-17 17:48:03.604 - INFO - 17534 - azureml.automl.runtime.featurization.data_transformer._logger_wrapper:81 - SimpleImputer: Finished applying transform. Shape (13729, 1)
2020-11-17 17:48:03.604 - INFO - 17534 - azureml.automl.runtime.featurization.data_transformer._logger_wrapper:81 - Transform memory estimate: 0 bytes, Current available memory: 23631769600 bytes
2020-11-17 17:48:03.604 - INFO - 17534 - azureml.automl.runtime.featurization.data_transformer._logger_wrapper:81 - SimpleImputer: Applying transform.
2020-11-17 17:48:03.606 - INFO - 17534 - azureml.automl.runtime.featurization.data_transformer._logger_wrapper:81 - SimpleImputer: Finished applying transform. Shape (13729, 1)
2020-11-17 17:48:03.606 - INFO - 17534 - azureml.automl.runtime.featurization.data_transformer._logger_wrapper:81 - Transform memory estimate: 0 bytes, Current available memory: 23631769600 bytes
2020-11-17 17:48:03.606 - INFO - 17534 - azureml.automl.runtime.featurization.data_transformer._logger_wrapper:81 - SimpleImputer: Applying transform.
2020-11-17 17:48:03.608 - INFO - 17534 - azureml.automl.runtime.featurization.data_transformer._logger_wrapper:81 - SimpleImputer: Finished applying transform. Shape (13729, 1)
2020-11-17 17:48:03.608 - INFO - 17534 - azureml.automl.runtime.featurization.data_transformer._logger_wrapper:81 - Transform memory estimate: 0 bytes, Current available memory: 23631769600 bytes
2020-11-17 17:48:03.608 - INFO - 17534 - azureml.automl.runtime.featurization.data_transformer._logger_wrapper:81 - SimpleImputer: Applying transform.
2020-11-17 17:48:03.609 - INFO - 17534 - azureml.automl.runtime.featurization.data_transformer._logger_wrapper:81 - SimpleImputer: Finished applying transform. Shape (13729, 1)
2020-11-17 17:48:03.609 - INFO - 17534 - azureml.automl.runtime.featurization.data_transformer._logger_wrapper:81 - Transform memory estimate: 0 bytes, Current available memory: 23631769600 bytes
2020-11-17 17:48:03.610 - INFO - 17534 - azureml.automl.runtime.featurization.data_transformer._logger_wrapper:81 - SimpleImputer: Applying transform.
2020-11-17 17:48:03.611 - INFO - 17534 - azureml.automl.runtime.featurization.data_transformer._logger_wrapper:81 - SimpleImputer: Finished applying transform. Shape (13729, 1)
2020-11-17 17:48:03.611 - INFO - 17534 - azureml.automl.runtime.featurization.data_transformer._logger_wrapper:81 - Transform memory estimate: 0 bytes, Current available memory: 23631736832 bytes
2020-11-17 17:48:03.611 - INFO - 17534 - azureml.automl.runtime.featurization.data_transformer._logger_wrapper:81 - SimpleImputer: Applying transform.
2020-11-17 17:48:03.613 - INFO - 17534 - azureml.automl.runtime.featurization.data_transformer._logger_wrapper:81 - SimpleImputer: Finished applying transform. Shape (13729, 1)
2020-11-17 17:48:03.613 - INFO - 17534 - azureml.automl.runtime.featurization.data_transformer._logger_wrapper:81 - Transform memory estimate: 0 bytes, Current available memory: 23631736832 bytes
2020-11-17 17:48:03.613 - INFO - 17534 - azureml.automl.runtime.featurization.data_transformer._logger_wrapper:81 - SimpleImputer: Applying transform.
2020-11-17 17:48:03.615 - INFO - 17534 - azureml.automl.runtime.featurization.data_transformer._logger_wrapper:81 - SimpleImputer: Finished applying transform. Shape (13729, 1)
2020-11-17 17:48:03.615 - INFO - 17534 - azureml.automl.runtime.featurization.data_transformer._logger_wrapper:81 - Finished applying transforms
2020-11-17 17:48:03.615 - INFO - 17534 - azureml.automl.runtime.shared.memory_utilities._is_low_memory:208 - Total ram: 29480620032 bytes, Current Available memory: 23631736832 bytes. Low memory threshold: 0.5
